mode: set
github.com/xiezc/xpt/pkg/bencode/decode.go:19.2,21.16 3 1
github.com/xiezc/xpt/pkg/bencode/decode.go:22.3,23.1 1 1
github.com/xiezc/xpt/pkg/bencode/decode.go:24.2,24.22 1 1
github.com/xiezc/xpt/pkg/bencode/decode.go:25.3,26.1 1 1
github.com/xiezc/xpt/pkg/bencode/decode.go:27.2,27.15 1 1
github.com/xiezc/xpt/pkg/bencode/decode.go:31.2,32.20 2 1
github.com/xiezc/xpt/pkg/bencode/decode.go:33.3,34.1 1 1
github.com/xiezc/xpt/pkg/bencode/decode.go:35.2,35.25 1 1
github.com/xiezc/xpt/pkg/bencode/decode.go:37.3,37.29 1 1
github.com/xiezc/xpt/pkg/bencode/decode.go:39.3,39.30 1 1
github.com/xiezc/xpt/pkg/bencode/decode.go:41.3,41.30 1 1
github.com/xiezc/xpt/pkg/bencode/decode.go:43.3,43.27 1 1
github.com/xiezc/xpt/pkg/bencode/decode.go:44.4,45.1 1 1
github.com/xiezc/xpt/pkg/bencode/decode.go:46.3,46.89 1 1
github.com/xiezc/xpt/pkg/bencode/decode.go:52.2,55.38 4 1
github.com/xiezc/xpt/pkg/bencode/decode.go:56.3,57.1 1 1
github.com/xiezc/xpt/pkg/bencode/decode.go:58.2,58.20 1 1
github.com/xiezc/xpt/pkg/bencode/decode.go:59.3,60.1 1 1
github.com/xiezc/xpt/pkg/bencode/decode.go:61.2,62.1 2 1
github.com/xiezc/xpt/pkg/bencode/decode.go:63.2,63.17 2 1
github.com/xiezc/xpt/pkg/bencode/decode.go:64.3,65.1 1 1
github.com/xiezc/xpt/pkg/bencode/decode.go:66.2,68.16 3 1
github.com/xiezc/xpt/pkg/bencode/decode.go:69.3,70.1 1 1
github.com/xiezc/xpt/pkg/bencode/decode.go:71.2,72.64 2 1
github.com/xiezc/xpt/pkg/bencode/decode.go:77.2,79.38 3 1
github.com/xiezc/xpt/pkg/bencode/decode.go:80.3,81.1 1 1
github.com/xiezc/xpt/pkg/bencode/decode.go:82.2,82.20 1 1
github.com/xiezc/xpt/pkg/bencode/decode.go:83.3,84.1 1 1
github.com/xiezc/xpt/pkg/bencode/decode.go:85.2,87.25 3 1
github.com/xiezc/xpt/pkg/bencode/decode.go:88.3,89.1 1 0
github.com/xiezc/xpt/pkg/bencode/decode.go:90.2,91.21 2 1
github.com/xiezc/xpt/pkg/bencode/decode.go:92.3,93.1 1 1
github.com/xiezc/xpt/pkg/bencode/decode.go:94.2,97.63 4 1
github.com/xiezc/xpt/pkg/bencode/decode.go:102.2,104.6 3 1
github.com/xiezc/xpt/pkg/bencode/decode.go:105.3,105.24 1 1
github.com/xiezc/xpt/pkg/bencode/decode.go:106.4,107.1 1 1
github.com/xiezc/xpt/pkg/bencode/decode.go:108.3,108.24 1 1
github.com/xiezc/xpt/pkg/bencode/decode.go:109.4,111.1 2 1
github.com/xiezc/xpt/pkg/bencode/decode.go:112.3,113.17 2 1
github.com/xiezc/xpt/pkg/bencode/decode.go:114.4,115.1 1 1
github.com/xiezc/xpt/pkg/bencode/decode.go:116.3,116.38 1 1
github.com/xiezc/xpt/pkg/bencode/decode.go:122.2,124.6 3 1
github.com/xiezc/xpt/pkg/bencode/decode.go:125.3,125.24 1 1
github.com/xiezc/xpt/pkg/bencode/decode.go:126.4,127.1 1 1
github.com/xiezc/xpt/pkg/bencode/decode.go:128.3,128.24 1 1
github.com/xiezc/xpt/pkg/bencode/decode.go:129.4,131.1 2 1
github.com/xiezc/xpt/pkg/bencode/decode.go:132.3,133.17 2 1
github.com/xiezc/xpt/pkg/bencode/decode.go:134.4,135.1 1 1
github.com/xiezc/xpt/pkg/bencode/decode.go:136.3,137.17 2 1
github.com/xiezc/xpt/pkg/bencode/decode.go:138.4,139.1 1 1
github.com/xiezc/xpt/pkg/bencode/decode.go:140.3,141.17 2 1
github.com/xiezc/xpt/pkg/bencode/decode.go:142.4,143.1 1 0
github.com/xiezc/xpt/pkg/bencode/decode.go:144.3,145.48 2 1
github.com/xiezc/xpt/pkg/bencode/decode.go:150.2,150.32 1 1
github.com/xiezc/xpt/pkg/bencode/decode.go:151.3,152.1 1 1
github.com/xiezc/xpt/pkg/bencode/decode.go:153.2,153.19 1 1
github.com/xiezc/xpt/pkg/bencode/decode.go:157.2,157.35 1 1
github.com/xiezc/xpt/pkg/bencode/decode.go:158.3,159.1 1 1
github.com/xiezc/xpt/pkg/bencode/decode.go:160.2,160.39 1 1
github.com/xiezc/xpt/pkg/bencode/decode.go:164.2,164.35 1 1
github.com/xiezc/xpt/pkg/bencode/decode.go:165.3,166.1 1 1
github.com/xiezc/xpt/pkg/bencode/decode.go:167.2,167.27 1 1
github.com/xiezc/xpt/pkg/bencode/decode.go:171.2,171.33 1 1
github.com/xiezc/xpt/pkg/bencode/decode.go:172.3,173.1 1 1
github.com/xiezc/xpt/pkg/bencode/decode.go:174.2,174.20 1 1
github.com/xiezc/xpt/pkg/bencode/decode.go:179.2,179.33 1 1
github.com/xiezc/xpt/pkg/bencode/decode.go:180.3,181.1 1 1
github.com/xiezc/xpt/pkg/bencode/decode.go:182.2,182.25 1 1
github.com/xiezc/xpt/pkg/bencode/decode.go:187.2,188.16 2 1
github.com/xiezc/xpt/pkg/bencode/decode.go:189.3,190.1 1 1
github.com/xiezc/xpt/pkg/bencode/decode.go:191.2,191.14 1 1
github.com/xiezc/xpt/pkg/bencode/decode.go:192.3,193.1 1 1
github.com/xiezc/xpt/pkg/bencode/decode.go:194.2,194.23 1 1
github.com/xiezc/xpt/pkg/bencode/decode.go:195.3,196.1 1 0
github.com/xiezc/xpt/pkg/bencode/decode.go:197.2,198.16 2 1
github.com/xiezc/xpt/pkg/bencode/decode.go:199.3,200.1 1 0
github.com/xiezc/xpt/pkg/bencode/decode.go:201.2,201.23 1 1
github.com/xiezc/xpt/pkg/bencode/decode.go:206.2,207.16 2 1
github.com/xiezc/xpt/pkg/bencode/decode.go:208.3,209.1 1 1
github.com/xiezc/xpt/pkg/bencode/decode.go:210.2,210.14 1 1
github.com/xiezc/xpt/pkg/bencode/decode.go:211.3,212.1 1 1
github.com/xiezc/xpt/pkg/bencode/decode.go:213.2,213.20 1 1
github.com/xiezc/xpt/pkg/bencode/decode.go:214.3,215.1 1 1
github.com/xiezc/xpt/pkg/bencode/decode.go:216.2,216.19 1 1
github.com/xiezc/xpt/pkg/bencode/encode.go:12.2,14.1 2 1
github.com/xiezc/xpt/pkg/bencode/encode.go:20.2,25.1 5 1
github.com/xiezc/xpt/pkg/bencode/encode.go:29.2,34.1 5 1
github.com/xiezc/xpt/pkg/bencode/encode.go:39.2,44.1 5 1
github.com/xiezc/xpt/pkg/bencode/encode.go:48.2,50.28 3 1
github.com/xiezc/xpt/pkg/bencode/encode.go:51.3,52.1 1 1
github.com/xiezc/xpt/pkg/bencode/encode.go:53.2,54.12 2 1
github.com/xiezc/xpt/pkg/bencode/encode.go:60.2,62.1 4 1
github.com/xiezc/xpt/pkg/bencode/encode.go:63.2,64.22 4 1
github.com/xiezc/xpt/pkg/bencode/encode.go:65.3,66.1 1 1
github.com/xiezc/xpt/pkg/bencode/encode.go:67.2,68.1 2 1
github.com/xiezc/xpt/pkg/bencode/encode.go:69.2,69.25 2 1
github.com/xiezc/xpt/pkg/bencode/encode.go:71.3,74.1 4 1
github.com/xiezc/xpt/pkg/bencode/encode.go:75.3,76.1 4 1
github.com/xiezc/xpt/pkg/bencode/encode.go:77.2,78.12 2 1
github.com/xiezc/xpt/pkg/bencode/encode.go:85.2,85.14 1 1
github.com/xiezc/xpt/pkg/bencode/encode.go:86.3,87.1 1 0
github.com/xiezc/xpt/pkg/bencode/encode.go:89.2,89.16 1 1
github.com/xiezc/xpt/pkg/bencode/encode.go:92.3,92.21 1 1
github.com/xiezc/xpt/pkg/bencode/encode.go:93.4,94.1 1 1
github.com/xiezc/xpt/pkg/bencode/encode.go:95.4,98.1 3 1
github.com/xiezc/xpt/pkg/bencode/encode.go:101.3,101.21 1 1
github.com/xiezc/xpt/pkg/bencode/encode.go:102.4,103.1 1 1
github.com/xiezc/xpt/pkg/bencode/encode.go:104.4,107.1 3 1
github.com/xiezc/xpt/pkg/bencode/encode.go:110.3,111.31 2 1
github.com/xiezc/xpt/pkg/bencode/encode.go:112.4,113.1 1 1
github.com/xiezc/xpt/pkg/bencode/encode.go:114.3,114.25 1 1
github.com/xiezc/xpt/pkg/bencode/encode.go:117.3,118.1 3 1
github.com/xiezc/xpt/pkg/bencode/encode.go:119.3,120.25 3 1
github.com/xiezc/xpt/pkg/bencode/encode.go:121.4,122.1 1 1
github.com/xiezc/xpt/pkg/bencode/encode.go:123.3,124.1 2 1
github.com/xiezc/xpt/pkg/bencode/encode.go:125.3,125.26 2 1
github.com/xiezc/xpt/pkg/bencode/encode.go:126.4,130.1 4 1
github.com/xiezc/xpt/pkg/bencode/encode.go:131.3,131.25 1 1
github.com/xiezc/xpt/pkg/bencode/encode.go:133.2,133.12 1 1
github.com/xiezc/xpt/pkg/bencode/types.go:17.2,17.11 1 1
github.com/xiezc/xpt/pkg/bencode/types.go:19.3,19.16 1 1
github.com/xiezc/xpt/pkg/bencode/types.go:21.3,21.19 1 1
github.com/xiezc/xpt/pkg/bencode/types.go:23.3,23.17 1 1
github.com/xiezc/xpt/pkg/bencode/types.go:25.3,25.17 1 1
github.com/xiezc/xpt/pkg/bencode/types.go:27.3,27.39 1 1
